{"/Users/rafl/projetos/teste_kabum/src/routes.ts": {"path":"/Users/rafl/projetos/teste_kabum/src/routes.ts","statementMap":{"0":{"start":{"line":1,"column":0},"end":{"line":1,"column":33}},"1":{"start":{"line":2,"column":0},"end":{"line":2,"column":50}},"2":{"start":{"line":4,"column":0},"end":{"line":4,"column":null}},"3":{"start":{"line":5,"column":15},"end":{"line":5,"column":23}},"4":{"start":{"line":11,"column":9},"end":{"line":11,"column":15}},"5":{"start":{"line":6,"column":27},"end":{"line":6,"column":39}},"6":{"start":{"line":7,"column":0},"end":{"line":7,"column":null}},"7":{"start":{"line":7,"column":31},"end":{"line":7,"column":48}},"8":{"start":{"line":9,"column":0},"end":{"line":9,"column":null}}},"fnMap":{"0":{"name":"(anonymous_0)","decl":{"start":{"line":7,"column":16},"end":{"line":7,"column":17}},"loc":{"start":{"line":7,"column":29},"end":{"line":7,"column":48}}}},"branchMap":{},"s":{"0":1,"1":1,"2":1,"3":1,"4":1,"5":1,"6":1,"7":0,"8":1},"f":{"0":0},"b":{}}
,"/Users/rafl/projetos/teste_kabum/src/server.ts": {"path":"/Users/rafl/projetos/teste_kabum/src/server.ts","statementMap":{"0":{"start":{"line":1,"column":0},"end":{"line":1,"column":null}},"1":{"start":{"line":2,"column":0},"end":{"line":2,"column":28}},"2":{"start":{"line":3,"column":0},"end":{"line":3,"column":30}},"3":{"start":{"line":4,"column":0},"end":{"line":4,"column":34}},"4":{"start":{"line":5,"column":13},"end":{"line":5,"column":28}},"5":{"start":{"line":6,"column":12},"end":{"line":6,"column":21}},"6":{"start":{"line":7,"column":0},"end":{"line":7,"column":24}},"7":{"start":{"line":8,"column":0},"end":{"line":8,"column":18}},"8":{"start":{"line":9,"column":0},"end":{"line":9,"column":null}},"9":{"start":{"line":11,"column":0},"end":{"line":11,"column":16}},"10":{"start":{"line":13,"column":0},"end":{"line":13,"column":85}},"11":{"start":{"line":13,"column":35},"end":{"line":13,"column":83}},"12":{"start":{"line":15,"column":0},"end":{"line":15,"column":null}}},"fnMap":{"0":{"name":"(anonymous_1)","decl":{"start":{"line":13,"column":29},"end":{"line":13,"column":32}},"loc":{"start":{"line":13,"column":35},"end":{"line":13,"column":83}}}},"branchMap":{},"s":{"0":1,"1":1,"2":1,"3":1,"4":1,"5":1,"6":1,"7":1,"8":1,"9":1,"10":1,"11":1,"12":1},"f":{"0":1},"b":{}}
,"/Users/rafl/projetos/teste_kabum/src/controllers/Shipping.ts": {"path":"/Users/rafl/projetos/teste_kabum/src/controllers/Shipping.ts","statementMap":{"0":{"start":{"line":2,"column":0},"end":{"line":2,"column":65}},"1":{"start":{"line":3,"column":0},"end":{"line":3,"column":64}},"2":{"start":{"line":9,"column":35},"end":{"line":9,"column":47}},"3":{"start":{"line":10,"column":8},"end":{"line":10,"column":null}},"4":{"start":{"line":10,"column":32},"end":{"line":10,"column":null}},"5":{"start":{"line":11,"column":34},"end":{"line":11,"column":36}},"6":{"start":{"line":12,"column":8},"end":{"line":27,"column":null}},"7":{"start":{"line":13,"column":42},"end":{"line":13,"column":94}},"8":{"start":{"line":14,"column":39},"end":{"line":14,"column":91}},"9":{"start":{"line":15,"column":41},"end":{"line":15,"column":93}},"10":{"start":{"line":16,"column":38},"end":{"line":16,"column":90}},"11":{"start":{"line":17,"column":31},"end":{"line":17,"column":127}},"12":{"start":{"line":18,"column":12},"end":{"line":26,"column":null}},"13":{"start":{"line":19,"column":28},"end":{"line":19,"column":96}},"14":{"start":{"line":20,"column":16},"end":{"line":25,"column":null}},"15":{"start":{"line":28,"column":8},"end":{"line":28,"column":null}},"16":{"start":{"line":33,"column":9},"end":{"line":33,"column":17}}},"fnMap":{"0":{"name":"(anonymous_0)","decl":{"start":{"line":8,"column":4},"end":{"line":8,"column":13}},"loc":{"start":{"line":8,"column":50},"end":{"line":29,"column":5}}},"1":{"name":"(anonymous_1)","decl":{"start":{"line":12,"column":37},"end":{"line":12,"column":53}},"loc":{"start":{"line":12,"column":56},"end":{"line":27,"column":9}}}},"branchMap":{"0":{"loc":{"start":{"line":10,"column":8},"end":{"line":10,"column":null}},"type":"if","locations":[{"start":{"line":10,"column":8},"end":{"line":10,"column":null}}]},"1":{"loc":{"start":{"line":10,"column":12},"end":{"line":10,"column":30}},"type":"binary-expr","locations":[{"start":{"line":10,"column":12},"end":{"line":10,"column":21}},{"start":{"line":10,"column":25},"end":{"line":10,"column":30}}]},"2":{"loc":{"start":{"line":17,"column":31},"end":{"line":17,"column":127}},"type":"binary-expr","locations":[{"start":{"line":17,"column":31},"end":{"line":17,"column":54}},{"start":{"line":17,"column":58},"end":{"line":17,"column":78}},{"start":{"line":17,"column":82},"end":{"line":17,"column":104}},{"start":{"line":17,"column":108},"end":{"line":17,"column":127}}]},"3":{"loc":{"start":{"line":18,"column":12},"end":{"line":26,"column":null}},"type":"if","locations":[{"start":{"line":18,"column":12},"end":{"line":26,"column":null}}]}},"s":{"0":1,"1":1,"2":8,"3":8,"4":4,"5":4,"6":4,"7":8,"8":8,"9":8,"10":8,"11":8,"12":8,"13":3,"14":3,"15":4,"16":1},"f":{"0":8,"1":8},"b":{"0":[4],"1":[8,6],"2":[8,6,3,3],"3":[3]}}
,"/Users/rafl/projetos/teste_kabum/src/mock/DeliveryCompanies.ts": {"path":"/Users/rafl/projetos/teste_kabum/src/mock/DeliveryCompanies.ts","statementMap":{"0":{"start":{"line":3,"column":13},"end":{"line":27,"column":null}}},"fnMap":{},"branchMap":{},"s":{"0":1},"f":{},"b":{}}
,"/Users/rafl/projetos/teste_kabum/src/utils/calculate-delivery.ts": {"path":"/Users/rafl/projetos/teste_kabum/src/utils/calculate-delivery.ts","statementMap":{"0":{"start":{"line":2,"column":4},"end":{"line":2,"column":null}},"1":{"start":{"line":1,"column":0},"end":{"line":1,"column":16}}},"fnMap":{"0":{"name":"calculateDelivery","decl":{"start":{"line":1,"column":16},"end":{"line":1,"column":33}},"loc":{"start":{"line":1,"column":78},"end":{"line":3,"column":1}}}},"branchMap":{},"s":{"0":3,"1":1},"f":{"0":3},"b":{}}
}
