TN:
SF:src/routes.ts
FN:7,(anonymous_0)
FNF:1
FNH:0
FNDA:0,(anonymous_0)
DA:1,1
DA:2,1
DA:4,1
DA:5,1
DA:6,1
DA:7,1
DA:9,1
DA:11,1
LF:8
LH:8
BRF:0
BRH:0
end_of_record
TN:
SF:src/server.ts
FN:13,(anonymous_1)
FNF:1
FNH:1
FNDA:1,(anonymous_1)
DA:1,1
DA:2,1
DA:3,1
DA:4,1
DA:5,1
DA:6,1
DA:7,1
DA:8,1
DA:9,1
DA:11,1
DA:13,1
DA:15,1
LF:12
LH:12
BRF:0
BRH:0
end_of_record
TN:
SF:src/controllers/Shipping.ts
FN:8,(anonymous_0)
FN:12,(anonymous_1)
FNF:2
FNH:2
FNDA:8,(anonymous_0)
FNDA:8,(anonymous_1)
DA:2,1
DA:3,1
DA:9,8
DA:10,8
DA:11,4
DA:12,4
DA:13,8
DA:14,8
DA:15,8
DA:16,8
DA:17,8
DA:18,8
DA:19,3
DA:20,3
DA:28,4
DA:33,1
LF:16
LH:16
BRDA:10,0,0,4
BRDA:10,1,0,8
BRDA:10,1,1,6
BRDA:17,2,0,8
BRDA:17,2,1,6
BRDA:17,2,2,3
BRDA:17,2,3,3
BRDA:18,3,0,3
BRF:8
BRH:8
end_of_record
TN:
SF:src/mock/DeliveryCompanies.ts
FNF:0
FNH:0
DA:3,1
LF:1
LH:1
BRF:0
BRH:0
end_of_record
TN:
SF:src/utils/calculate-delivery.ts
FN:1,calculateDelivery
FNF:1
FNH:1
FNDA:3,calculateDelivery
DA:1,1
DA:2,3
LF:2
LH:2
BRF:0
BRH:0
end_of_record
